<?xml version="1.0" encoding="UTF-8"?>
<testsuite name="HandBagTest" tests="1" skipped="0" failures="0" errors="0" timestamp="2022-09-18T22:04:36" hostname="DESKTOP-0176RG8" time="0.008">
  <properties/>
  <testcase name="testGetNumberOfContentsPop" classname="HandBagTest" time="0.008"/>
  <system-out><![CDATA[]]></system-out>
  <system-err><![CDATA[]]></system-err>
</testsuite>
